<?xml version="1.0" encoding="UTF-8"?>
<testng-results ignored="0" total="1" passed="1" failed="0" skipped="0">
  <reporter-output>
  </reporter-output>
  <suite started-at="2021-11-16T15:07:43 IST" name="Default suite" finished-at="2021-11-16T15:08:36 IST" duration-ms="53182">
    <groups>
    </groups>
    <test started-at="2021-11-16T15:07:43 IST" name="Default test" finished-at="2021-11-16T15:08:36 IST" duration-ms="53182">
      <class name="maven.validateTitle">
        <test-method is-config="true" signature="getURL()[pri:0, instance:maven.validateTitle@2cc3ad05]" started-at="2021-11-16T15:07:43 IST" name="getURL" finished-at="2021-11-16T15:07:56 IST" duration-ms="13393" status="PASS">
          <reporter-output>
          </reporter-output>
        </test-method> <!-- getURL -->
        <test-method signature="validateText()[pri:0, instance:maven.validateTitle@2cc3ad05]" started-at="2021-11-16T15:07:56 IST" name="validateText" finished-at="2021-11-16T15:08:25 IST" duration-ms="28807" status="PASS">
          <reporter-output>
          </reporter-output>
        </test-method> <!-- validateText -->
        <test-method is-config="true" signature="teardown()[pri:0, instance:maven.validateTitle@2cc3ad05]" started-at="2021-11-16T15:08:25 IST" name="teardown" finished-at="2021-11-16T15:08:36 IST" duration-ms="10867" status="PASS">
          <reporter-output>
          </reporter-output>
        </test-method> <!-- teardown -->
      </class> <!-- maven.validateTitle -->
    </test> <!-- Default test -->
  </suite> <!-- Default suite -->
</testng-results>
